<?xml version="1.0" encoding="UTF-8"?>
<testsuite name="com.pibbletv.follows_service.FollowsServiceApplicationTests" tests="1" skipped="0" failures="0" errors="0" timestamp="2025-04-16T12:43:26.419Z" hostname="DESKTOP-NS6POVE" time="0.038">
  <properties/>
  <testcase name="contextLoads()" classname="com.pibbletv.follows_service.FollowsServiceApplicationTests" time="0.038"/>
  <system-out><![CDATA[]]></system-out>
  <system-err><![CDATA[]]></system-err>
</testsuite>
