<?xml version="1.0" encoding="UTF-8"?>
<testsuite name="com.pibbletv.follows_service.FollowsServiceApplicationTests" tests="1" skipped="0" failures="0" errors="0" timestamp="2025-05-18T00:55:53.898Z" hostname="DESKTOP-NS6POVE" time="0.032">
  <properties/>
  <testcase name="contextLoads()" classname="com.pibbletv.follows_service.FollowsServiceApplicationTests" time="0.032"/>
  <system-out><![CDATA[]]></system-out>
  <system-err><![CDATA[]]></system-err>
</testsuite>
