<?xml version="1.0" encoding="UTF-8"?>
<testsuite name="com.pibbletv.follows_service.FollowsServiceApplicationTests" tests="1" skipped="0" failures="0" errors="0" timestamp="2025-04-10T23:08:33.028Z" hostname="DESKTOP-NS6POVE" time="0.765">
  <properties/>
  <testcase name="contextLoads()" classname="com.pibbletv.follows_service.FollowsServiceApplicationTests" time="0.765"/>
  <system-out><![CDATA[01:08:28.674 [Test worker] INFO org.springframework.test.context.support.AnnotationConfigContextLoaderUtils -- Could not detect default configuration classes for test class [com.pibbletv.follows_service.FollowsServiceApplicationTests]: FollowsServiceApplicationTests does not declare any static, non-private, non-final, nested classes annotated with @Configuration.
01:08:28.814 [Test worker] INFO org.springframework.boot.test.context.SpringBootTestContextBootstrapper -- Found @SpringBootConfiguration com.pibbletv.follows_service.FollowsServiceApplication for test class com.pibbletv.follows_service.FollowsServiceApplicationTests

  .   ____          _            __ _ _
 /\\ / ___'_ __ _ _(_)_ __  __ _ \ \ \ \
( ( )\___ | '_ | '_| | '_ \/ _` | \ \ \ \
 \\/  ___)| |_)| | | | | || (_| |  ) ) ) )
  '  |____| .__|_| |_|_| |_\__, | / / / /
 =========|_|==============|___/=/_/_/_/

 :: Spring Boot ::                (v3.4.4)

2025-04-11T01:08:29.652+02:00  INFO 9928 --- [follows-service] [    Test worker] c.p.f.FollowsServiceApplicationTests     : Starting FollowsServiceApplicationTests using Java 17.0.12 with PID 9928 (started by hristo in D:\Individual Assignment\PibbleTV-Backend\follows-service)
2025-04-11T01:08:29.654+02:00  INFO 9928 --- [follows-service] [    Test worker] c.p.f.FollowsServiceApplicationTests     : The following 1 profile is active: "dev"
2025-04-11T01:08:30.439+02:00  INFO 9928 --- [follows-service] [    Test worker] .s.d.r.c.RepositoryConfigurationDelegate : Bootstrapping Spring Data R2DBC repositories in DEFAULT mode.
2025-04-11T01:08:30.601+02:00  INFO 9928 --- [follows-service] [    Test worker] .s.d.r.c.RepositoryConfigurationDelegate : Finished Spring Data repository scanning in 153 ms. Found 1 R2DBC repository interface.
2025-04-11T01:08:30.827+02:00  INFO 9928 --- [follows-service] [    Test worker] o.s.cloud.context.scope.GenericScope     : BeanFactory id=0623ee2d-4257-3132-bcf8-9a09e2d703bf
2025-04-11T01:08:32.263+02:00  INFO 9928 --- [follows-service] [    Test worker] DiscoveryClientOptionalArgsConfiguration : Eureka HTTP Client uses RestTemplate.
2025-04-11T01:08:32.420+02:00  WARN 9928 --- [follows-service] [    Test worker] iguration$LoadBalancerCaffeineWarnLogger : Spring Cloud LoadBalancer is currently working with the default cache. While this cache implementation is useful for development and tests, it's recommended to use Caffeine cache in production.You can switch to using Caffeine cache, by adding it and org.springframework.cache.caffeine.CaffeineCacheManager to the classpath.
2025-04-11T01:08:32.492+02:00  INFO 9928 --- [follows-service] [    Test worker] o.s.c.n.eureka.InstanceInfoFactory       : Setting initial instance status as: STARTING
2025-04-11T01:08:32.524+02:00  INFO 9928 --- [follows-service] [    Test worker] com.netflix.discovery.DiscoveryClient    : Initializing Eureka in region us-east-1
2025-04-11T01:08:32.529+02:00  INFO 9928 --- [follows-service] [    Test worker] c.n.d.s.r.aws.ConfigClusterResolver      : Resolving eureka endpoints via configuration
2025-04-11T01:08:32.539+02:00  INFO 9928 --- [follows-service] [    Test worker] com.netflix.discovery.DiscoveryClient    : Disable delta property : false
2025-04-11T01:08:32.539+02:00  INFO 9928 --- [follows-service] [    Test worker] com.netflix.discovery.DiscoveryClient    : Single vip registry refresh property : null
2025-04-11T01:08:32.539+02:00  INFO 9928 --- [follows-service] [    Test worker] com.netflix.discovery.DiscoveryClient    : Force full registry fetch : false
2025-04-11T01:08:32.540+02:00  INFO 9928 --- [follows-service] [    Test worker] com.netflix.discovery.DiscoveryClient    : Application is null : false
2025-04-11T01:08:32.540+02:00  INFO 9928 --- [follows-service] [    Test worker] com.netflix.discovery.DiscoveryClient    : Registered Applications size is zero : true
2025-04-11T01:08:32.540+02:00  INFO 9928 --- [follows-service] [    Test worker] com.netflix.discovery.DiscoveryClient    : Application version is -1: true
2025-04-11T01:08:32.540+02:00  INFO 9928 --- [follows-service] [    Test worker] com.netflix.discovery.DiscoveryClient    : Getting all instance registry info from the eureka server
2025-04-11T01:08:32.990+02:00  INFO 9928 --- [follows-service] [    Test worker] com.netflix.discovery.DiscoveryClient    : The response status is 200
2025-04-11T01:08:32.991+02:00  INFO 9928 --- [follows-service] [    Test worker] com.netflix.discovery.DiscoveryClient    : Starting heartbeat executor: renew interval is: 30
2025-04-11T01:08:32.993+02:00  INFO 9928 --- [follows-service] [    Test worker] c.n.discovery.InstanceInfoReplicator     : InstanceInfoReplicator onDemand update allowed rate per min is 4
2025-04-11T01:08:32.995+02:00  INFO 9928 --- [follows-service] [    Test worker] com.netflix.discovery.DiscoveryClient    : Discovery Client initialized at timestamp 1744326512994 with initial instances count: 0
2025-04-11T01:08:32.998+02:00  INFO 9928 --- [follows-service] [    Test worker] o.s.c.n.e.s.EurekaServiceRegistry        : Registering application FOLLOWS-SERVICE with eureka with status UP
2025-04-11T01:08:32.999+02:00  INFO 9928 --- [follows-service] [    Test worker] com.netflix.discovery.DiscoveryClient    : Saw local status change event StatusChangeEvent [timestamp=1744326512999, current=UP, previous=STARTING]
2025-04-11T01:08:33.001+02:00  INFO 9928 --- [follows-service] [foReplicator-%d] com.netflix.discovery.DiscoveryClient    : DiscoveryClient_FOLLOWS-SERVICE/host.docker.internal:follows-service:8083: registering service...
2025-04-11T01:08:33.019+02:00  INFO 9928 --- [follows-service] [    Test worker] c.p.f.FollowsServiceApplicationTests     : Started FollowsServiceApplicationTests in 3.82 seconds (process running for 5.468)
2025-04-11T01:08:33.064+02:00  INFO 9928 --- [follows-service] [foReplicator-%d] com.netflix.discovery.DiscoveryClient    : DiscoveryClient_FOLLOWS-SERVICE/host.docker.internal:follows-service:8083 - registration status: 204
]]></system-out>
  <system-err><![CDATA[]]></system-err>
</testsuite>
