<?xml version="1.0" encoding="UTF-8"?>
<testsuite name="com.pibbletv.follows_service.unit.FollowsServiceImplTest" tests="8" skipped="0" failures="0" errors="0" timestamp="2025-05-06T22:47:38.045Z" hostname="DESKTOP-NS6POVE" time="2.22">
  <properties/>
  <testcase name="unfollowUser_shouldReturnError_whenRepositoryFails()" classname="com.pibbletv.follows_service.unit.FollowsServiceImplTest" time="1.996"/>
  <testcase name="getFollowers_shouldReturnListOfFollowers()" classname="com.pibbletv.follows_service.unit.FollowsServiceImplTest" time="0.178"/>
  <testcase name="getFollowers_shouldReturnError_whenRepositoryFails()" classname="com.pibbletv.follows_service.unit.FollowsServiceImplTest" time="0.006"/>
  <testcase name="unfollowUser_shouldCompleteSuccessfully()" classname="com.pibbletv.follows_service.unit.FollowsServiceImplTest" time="0.017"/>
  <testcase name="getFollowing_shouldReturnListOfFollowing()" classname="com.pibbletv.follows_service.unit.FollowsServiceImplTest" time="0.004"/>
  <testcase name="followUser_shouldReturnError_whenRepositoryFails()" classname="com.pibbletv.follows_service.unit.FollowsServiceImplTest" time="0.005"/>
  <testcase name="getFollowing_shouldReturnError_whenRepositoryFails()" classname="com.pibbletv.follows_service.unit.FollowsServiceImplTest" time="0.004"/>
  <testcase name="followUser_shouldCompleteSuccessfully()" classname="com.pibbletv.follows_service.unit.FollowsServiceImplTest" time="0.004"/>
  <system-out><![CDATA[]]></system-out>
  <system-err><![CDATA[]]></system-err>
</testsuite>
